[0m[[0m[0mdebug[0m] [0m[0m> Exec(early(addDefaultCommands), None, None)[0m
[0m[[0m[0mdebug[0m] [0m[0m> Exec(addDefaultCommands, None, None)[0m
[0m[[0m[0mdebug[0m] [0m[0m> Exec(early(initialize), None, None)[0m
[0m[[0m[0mdebug[0m] [0m[0m> Exec(initialize, None, None)[0m
[0m[[0m[0mdebug[0m] [0m[0m> Exec(boot, None, None)[0m
[0m[[0m[0mdebug[0m] [0m[0m> Exec(writeSbtVersion, None, None)[0m
[0m[[0m[0mdebug[0m] [0m[0m> Exec(reload, None, None)[0m
[0m[[0m[0mdebug[0m] [0m[0m> Exec(sbtStashOnFailure, None, None)[0m
[0m[[0m[0mdebug[0m] [0m[0m> Exec(onFailure loadFailed, None, None)[0m
[0m[[0m[0mdebug[0m] [0m[0m> Exec(loadp, None, None)[0m
[0m[[0m[0minfo[0m] [0m[0mwelcome to sbt 1.10.1 (Oracle Corporation Java 11.0.23)[0m
[0m[[0m[0mdebug[0m] [0m[0mLoad.defaultLoad until apply took 71.2382ms[0m
[0m[[0m[0mdebug[0m] [0m[0m                Load.loadUnit: plugins took 50.1516ms[0m
[0m[[0m[0mdebug[0m] [0m[0m                Load.loadUnit: defsScala took 0.2075ms[0m
[0m[[0m[0mdebug[0m] [0m[0m[Loading] Scanning directory C:\Users\TRENDINGPC\Desktop\scala\ejerciciospractica\project\project[0m
[0m[[0m[0mdebug[0m] [0m[0m                  Load.loadUnit: mkEval took 3.1319ms[0m
[0m[[0m[0mdebug[0m] [0m[0m[Loading] Found non-root projects [0m
[0m[[0m[0mdebug[0m] [0m[0m[Loading] Done in C:\Users\TRENDINGPC\Desktop\scala\ejerciciospractica\project\project, returning: ()[0m
[0m[[0m[0mdebug[0m] [0m[0mdeducing auto plugins based on known facts Set(Atom(sbt.plugins.CorePlugin)) and clauses Clauses(Clause(Atom(sbt.plugins.JvmPlugin),Set(Atom(sbt.plugins.IvyPlugin)))[0m
[0m[[0m[0mdebug[0m] [0m[0mClause(Atom(sbt.ScriptedPlugin),Set(Atom(sbt.plugins.JvmPlugin)))[0m
[0m[[0m[0mdebug[0m] [0m[0mClause(Atom(sbt.plugins.SbtPlugin),Set(Atom(sbt.ScriptedPlugin)))[0m
[0m[[0m[0mdebug[0m] [0m[0mClause(Atom(sbt.plugins.SemanticdbPlugin),Set(Atom(sbt.plugins.JvmPlugin)))[0m
[0m[[0m[0mdebug[0m] [0m[0mClause(Atom(sbt.plugins.JUnitXmlReportPlugin),Set(Atom(sbt.plugins.JvmPlugin)))[0m
[0m[[0m[0mdebug[0m] [0m[0mClause(Atom(sbt.plugins.MiniDependencyTreePlugin),Set(Atom(sbt.plugins.JvmPlugin)))[0m
[0m[[0m[0mdebug[0m] [0m[0mClause(Atom(sbt.plugins.CorePlugin),Set(Atom(sbt.plugins.IvyPlugin)))[0m
[0m[[0m[0mdebug[0m] [0m[0mClause(Atom(sbt.plugins.IvyPlugin),Set(Atom(sbt.plugins.JvmPlugin)))[0m
[0m[[0m[0mdebug[0m] [0m[0mClause(Atom(sbt.plugins.JvmPlugin),Set(Atom(sbt.plugins.SemanticdbPlugin)))[0m
[0m[[0m[0mdebug[0m] [0m[0mClause(Atom(sbt.plugins.JvmPlugin),Set(Atom(sbt.plugins.JUnitXmlReportPlugin)))[0m
[0m[[0m[0mdebug[0m] [0m[0mClause(Atom(sbt.plugins.CorePlugin),Set(Atom(sbt.plugins.Giter8TemplatePlugin)))[0m
[0m[[0m[0mdebug[0m] [0m[0mClause(Atom(sbt.plugins.JvmPlugin),Set(Atom(sbt.plugins.MiniDependencyTreePlugin))))[0m
[0m[[0m[0mdebug[0m] [0m[0m  :: deduced result: Matched(sbt.plugins.CorePlugin,sbt.plugins.Giter8TemplatePlugin,sbt.plugins.IvyPlugin,sbt.plugins.JvmPlugin,sbt.plugins.MiniDependencyTreePlugin,sbt.plugins.JUnitXmlReportPlugin,sbt.plugins.SemanticdbPlugin)[0m
[0m[[0m[0mdebug[0m] [0m[0mPlugins.deducer#function took 9.1221 ms[0m
[0m[[0m[0minfo[0m] [0m[0mloading settings for project ejerciciospractica-build-build from metals.sbt ...[0m
[0m[[0m[0mdebug[0m] [0m[0m                    Load.resolveProject(ejerciciospractica-build-build) took 27.6856ms[0m
[0m[[0m[0mdebug[0m] [0m[0m                  Load.loadTransitive: finalizeProject(Project(id ejerciciospractica-build-build, base: C:\Users\TRENDINGPC\Desktop\scala\ejerciciospractica\project\project, plugins: List(<none>))) took 53.2119ms[0m
[0m[[0m[0mdebug[0m] [0m[0m[Loading] Done in C:\Users\TRENDINGPC\Desktop\scala\ejerciciospractica\project\project, returning: (ejerciciospractica-build-build)[0m
[0m[[0m[0mdebug[0m] [0m[0m                Load.loadUnit: loadedProjectsRaw took 230.9006ms[0m
[0m[[0m[0mdebug[0m] [0m[0m                Load.loadUnit: cleanEvalClasses took 4.3188ms[0m
[0m[[0m[0mdebug[0m] [0m[0m              Load.loadUnit(file:/C:/Users/TRENDINGPC/Desktop/scala/ejerciciospractica/project/project/, ...) took 288.7973ms[0m
[0m[[0m[0mdebug[0m] [0m[0m            Load.apply: load took 359.5074ms[0m
[0m[[0m[0mdebug[0m] [0m[0m            Load.apply: resolveProjects took 3.0158ms[0m
[0m[[0m[0mdebug[0m] [0m[0m            Load.apply: finalTransforms took 31.2765ms[0m
[0m[[0m[0mdebug[0m] [0m[0m            Load.apply: config.delegates took 4.9455ms[0m
[0m[[0m[0mdebug[0m] [0m[0m            Load.apply: Def.make(settings)... took 213.7591ms[0m
[0m[[0m[0mdebug[0m] [0m[0m            Load.apply: structureIndex took 49.4777ms[0m
[0m[[0m[0mdebug[0m] [0m[0m            Load.apply: mkStreams took 1.8084ms[0m
[0m[[0m[0minfo[0m] [0m[0mloading project definition from C:\Users\TRENDINGPC\Desktop\scala\ejerciciospractica\project\project[0m
[0m[[0m[0mdebug[0m] [0m[0mRunning task... Cancel: Signal, check cycles: false, forcegc: true[0m
[0m[[0m[0mdebug[0m] [0m[0m          Load.loadUnit: plugins took 1166.2932ms[0m
[0m[[0m[0mdebug[0m] [0m[0m          Load.loadUnit: defsScala took 0.0027ms[0m
[0m[[0m[0mdebug[0m] [0m[0m[Loading] Scanning directory C:\Users\TRENDINGPC\Desktop\scala\ejerciciospractica\project[0m
[0m[[0m[0mdebug[0m] [0m[0m            Load.loadUnit: mkEval took 0.1318ms[0m
[0m[[0m[0mdebug[0m] [0m[0m[Loading] Found non-root projects [0m
[0m[[0m[0mdebug[0m] [0m[0m[Loading] Done in C:\Users\TRENDINGPC\Desktop\scala\ejerciciospractica\project, returning: ()[0m
[0m[[0m[0mdebug[0m] [0m[0mdeducing auto plugins based on known facts Set(Atom(sbt.plugins.CorePlugin)) and clauses Clauses(Clause(Atom(sbt.plugins.JvmPlugin),Set(Atom(sbt.plugins.IvyPlugin)))[0m
[0m[[0m[0mdebug[0m] [0m[0mClause(Atom(sbt.ScriptedPlugin),Set(Atom(sbt.plugins.JvmPlugin)))[0m
[0m[[0m[0mdebug[0m] [0m[0mClause(Atom(sbt.plugins.SbtPlugin),Set(Atom(sbt.ScriptedPlugin)))[0m
[0m[[0m[0mdebug[0m] [0m[0mClause(Atom(sbt.plugins.SemanticdbPlugin),Set(Atom(sbt.plugins.JvmPlugin)))[0m
[0m[[0m[0mdebug[0m] [0m[0mClause(Atom(sbt.plugins.JUnitXmlReportPlugin),Set(Atom(sbt.plugins.JvmPlugin)))[0m
[0m[[0m[0mdebug[0m] [0m[0mClause(Atom(sbt.plugins.MiniDependencyTreePlugin),Set(Atom(sbt.plugins.JvmPlugin)))[0m
[0m[[0m[0mdebug[0m] [0m[0mClause(Atom(bloop.integrations.sbt.BloopPlugin),Set(Atom(sbt.plugins.JvmPlugin)))[0m
[0m[[0m[0mdebug[0m] [0m[0mClause(Atom(sbt.plugins.CorePlugin),Set(Atom(sbt.plugins.IvyPlugin)))[0m
[0m[[0m[0mdebug[0m] [0m[0mClause(Atom(sbt.plugins.IvyPlugin),Set(Atom(sbt.plugins.JvmPlugin)))[0m
[0m[[0m[0mdebug[0m] [0m[0mClause(Atom(sbt.plugins.JvmPlugin),Set(Atom(sbt.plugins.SemanticdbPlugin)))[0m
[0m[[0m[0mdebug[0m] [0m[0mClause(Atom(sbt.plugins.JvmPlugin),Set(Atom(sbt.plugins.JUnitXmlReportPlugin)))[0m
[0m[[0m[0mdebug[0m] [0m[0mClause(Atom(sbt.plugins.CorePlugin),Set(Atom(sbt.plugins.Giter8TemplatePlugin)))[0m
[0m[[0m[0mdebug[0m] [0m[0mClause(Atom(sbt.plugins.JvmPlugin),Set(Atom(sbt.plugins.MiniDependencyTreePlugin)))[0m
[0m[[0m[0mdebug[0m] [0m[0mClause(Atom(sbt.plugins.JvmPlugin),Set(Atom(bloop.integrations.sbt.BloopPlugin))))[0m
[0m[[0m[0mdebug[0m] [0m[0m  :: deduced result: Matched(sbt.plugins.CorePlugin,sbt.plugins.Giter8TemplatePlugin,sbt.plugins.IvyPlugin,sbt.plugins.JvmPlugin,bloop.integrations.sbt.BloopPlugin,sbt.plugins.MiniDependencyTreePlugin,sbt.plugins.JUnitXmlReportPlugin,sbt.plugins.SemanticdbPlugin)[0m
[0m[[0m[0mdebug[0m] [0m[0mPlugins.deducer#function took 0.9321 ms[0m
[0m[[0m[0minfo[0m] [0m[0mloading settings for project ejerciciospractica-build from metals.sbt ...[0m
[0m[[0m[0mdebug[0m] [0m[0m              Load.resolveProject(ejerciciospractica-build) took 12.7249ms[0m
[0m[[0m[0mdebug[0m] [0m[0m            Load.loadTransitive: finalizeProject(Project(id ejerciciospractica-build, base: C:\Users\TRENDINGPC\Desktop\scala\ejerciciospractica\project, plugins: List(<none>))) took 13.9619ms[0m
[0m[[0m[0mdebug[0m] [0m[0m[Loading] Done in C:\Users\TRENDINGPC\Desktop\scala\ejerciciospractica\project, returning: (ejerciciospractica-build)[0m
[0m[[0m[0mdebug[0m] [0m[0m          Load.loadUnit: loadedProjectsRaw took 26.3183ms[0m
[0m[[0m[0mdebug[0m] [0m[0m          Load.loadUnit: cleanEvalClasses took 0.7159ms[0m
[0m[[0m[0mdebug[0m] [0m[0m        Load.loadUnit(file:/C:/Users/TRENDINGPC/Desktop/scala/ejerciciospractica/project/, ...) took 1193.8022ms[0m
[0m[[0m[0mdebug[0m] [0m[0m      Load.apply: load took 1194.6971ms[0m
[0m[[0m[0mdebug[0m] [0m[0m      Load.apply: resolveProjects took 0.0808ms[0m
[0m[[0m[0mdebug[0m] [0m[0m      Load.apply: finalTransforms took 7.3218ms[0m
[0m[[0m[0mdebug[0m] [0m[0m      Load.apply: config.delegates took 0.2177ms[0m
[0m[[0m[0mdebug[0m] [0m[0m      Load.apply: Def.make(settings)... took 49.8694ms[0m
[0m[[0m[0mdebug[0m] [0m[0m      Load.apply: structureIndex took 21.5279ms[0m
[0m[[0m[0mdebug[0m] [0m[0m      Load.apply: mkStreams took 0.0027ms[0m
[0m[[0m[0minfo[0m] [0m[0mloading project definition from C:\Users\TRENDINGPC\Desktop\scala\ejerciciospractica\project[0m
[0m[[0m[0mdebug[0m] [0m[0mEvaluating tasks: bloopInstall[0m
[0m[[0m[0mdebug[0m] [0m[0mRunning task... Cancel: Signal, check cycles: false, forcegc: true[0m
[0m[[0m[32msuccess[0m] [0m[0mGenerated .bloop\ejerciciospractica-build.json[0m
[0m[[0m[32msuccess[0m] [0m[0mTotal time: 1 s, completed 22 jul. 2024 17:24:50[0m
[0m[[0m[0mdebug[0m] [0m[0mRunning task... Cancel: Signal, check cycles: false, forcegc: true[0m
[0m[[0m[0mdebug[0m] [0m[0m    Load.loadUnit: plugins took 2659.0699ms[0m
[0m[[0m[0mdebug[0m] [0m[0m    Load.loadUnit: defsScala took 0.0015ms[0m
[0m[[0m[0mdebug[0m] [0m[0m[Loading] Scanning directory C:\Users\TRENDINGPC\Desktop\scala\ejerciciospractica[0m
[0m[[0m[0mdebug[0m] [0m[0m      Load.loadUnit: mkEval took 0.1219ms[0m
[0m[[0m[0mdebug[0m] [0m[0m[Loading] Found root project root w/ remaining [0m
[0m[[0m[0mdebug[0m] [0m[0mdeducing auto plugins based on known facts Set(Atom(sbt.plugins.CorePlugin)) and clauses Clauses(Clause(Atom(sbt.plugins.JvmPlugin),Set(Atom(sbt.plugins.IvyPlugin)))[0m
[0m[[0m[0mdebug[0m] [0m[0mClause(Atom(sbt.ScriptedPlugin),Set(Atom(sbt.plugins.JvmPlugin)))[0m
[0m[[0m[0mdebug[0m] [0m[0mClause(Atom(sbt.plugins.SbtPlugin),Set(Atom(sbt.ScriptedPlugin)))[0m
[0m[[0m[0mdebug[0m] [0m[0mClause(Atom(sbt.plugins.SemanticdbPlugin),Set(Atom(sbt.plugins.JvmPlugin)))[0m
[0m[[0m[0mdebug[0m] [0m[0mClause(Atom(sbt.plugins.JUnitXmlReportPlugin),Set(Atom(sbt.plugins.JvmPlugin)))[0m
[0m[[0m[0mdebug[0m] [0m[0mClause(Atom(sbt.plugins.MiniDependencyTreePlugin),Set(Atom(sbt.plugins.JvmPlugin)))[0m
[0m[[0m[0mdebug[0m] [0m[0mClause(Atom(bloop.integrations.sbt.BloopPlugin),Set(Atom(sbt.plugins.JvmPlugin)))[0m
[0m[[0m[0mdebug[0m] [0m[0mClause(Atom(sbt.plugins.CorePlugin),Set(Atom(sbt.plugins.IvyPlugin)))[0m
[0m[[0m[0mdebug[0m] [0m[0mClause(Atom(sbt.plugins.IvyPlugin),Set(Atom(sbt.plugins.JvmPlugin)))[0m
[0m[[0m[0mdebug[0m] [0m[0mClause(Atom(sbt.plugins.JvmPlugin),Set(Atom(sbt.plugins.SemanticdbPlugin)))[0m
[0m[[0m[0mdebug[0m] [0m[0mClause(Atom(sbt.plugins.JvmPlugin),Set(Atom(sbt.plugins.JUnitXmlReportPlugin)))[0m
[0m[[0m[0mdebug[0m] [0m[0mClause(Atom(sbt.plugins.CorePlugin),Set(Atom(sbt.plugins.Giter8TemplatePlugin)))[0m
[0m[[0m[0mdebug[0m] [0m[0mClause(Atom(sbt.plugins.JvmPlugin),Set(Atom(sbt.plugins.MiniDependencyTreePlugin)))[0m
[0m[[0m[0mdebug[0m] [0m[0mClause(Atom(sbt.plugins.JvmPlugin),Set(Atom(bloop.integrations.sbt.BloopPlugin))))[0m
[0m[[0m[0mdebug[0m] [0m[0m  :: deduced result: Matched(sbt.plugins.CorePlugin,sbt.plugins.Giter8TemplatePlugin,sbt.plugins.IvyPlugin,sbt.plugins.JvmPlugin,bloop.integrations.sbt.BloopPlugin,sbt.plugins.MiniDependencyTreePlugin,sbt.plugins.JUnitXmlReportPlugin,sbt.plugins.SemanticdbPlugin)[0m
[0m[[0m[0mdebug[0m] [0m[0mPlugins.deducer#function took 0.8643 ms[0m
[0m[[0m[0minfo[0m] [0m[0mloading settings for project root from build.sbt ...[0m
[0m[[0m[0mdebug[0m] [0m[0m        Load.resolveProject(root) took 11.3426ms[0m
[0m[[0m[0mdebug[0m] [0m[0m      Load.loadTransitive: finalizeProject(Project(id root, base: C:\Users\TRENDINGPC\Desktop\scala\ejerciciospractica, plugins: List(<none>))) took 12.8089ms[0m
[0m[[0m[0mdebug[0m] [0m[0m[Loading] Done in C:\Users\TRENDINGPC\Desktop\scala\ejerciciospractica, returning: (root)[0m
[0m[[0m[0mdebug[0m] [0m[0m    Load.loadUnit: loadedProjectsRaw took 40.8405ms[0m
[0m[[0m[0mdebug[0m] [0m[0m    Load.loadUnit: cleanEvalClasses took 0.9013ms[0m
[0m[[0m[0mdebug[0m] [0m[0m  Load.loadUnit(file:/C:/Users/TRENDINGPC/Desktop/scala/ejerciciospractica/, ...) took 2701.4079ms[0m
[0m[[0m[0mdebug[0m] [0m[0mLoad.apply: load took 2712.9425ms[0m
[0m[[0m[0mdebug[0m] [0m[0mLoad.apply: resolveProjects took 0.0753ms[0m
[0m[[0m[0mdebug[0m] [0m[0mLoad.apply: finalTransforms took 7.3446ms[0m
[0m[[0m[0mdebug[0m] [0m[0mLoad.apply: config.delegates took 0.1838ms[0m
[0m[[0m[0mdebug[0m] [0m[0mLoad.apply: Def.make(settings)... took 41.8369ms[0m
[0m[[0m[0mdebug[0m] [0m[0mLoad.apply: structureIndex took 9.9056ms[0m
[0m[[0m[0mdebug[0m] [0m[0mLoad.apply: mkStreams took 0.0016ms[0m
[0m[[0m[0minfo[0m] [0m[0mset current project to ejerciciosbasicos (in build file:/C:/Users/TRENDINGPC/Desktop/scala/ejerciciospractica/)[0m
[0m[[0m[0mdebug[0m] [0m[0m> Exec(sbtPopOnFailure, None, None)[0m
[0m[[0m[0mdebug[0m] [0m[0m> Exec(resumeFromFailure, None, None)[0m
[0m[[0m[0mdebug[0m] [0m[0m> Exec(notifyUsersAboutShell, None, None)[0m
[0m[[0m[0mdebug[0m] [0m[0m> Exec(iflast shell, None, None)[0m
[0m[[0m[0mdebug[0m] [0m[0m> Exec(shell, None, None)[0m
[0m[[0m[0minfo[0m] [0m[0msbt server started at local:sbt-server-18f4dd08bbdd4682f91b[0m
[0m[[0m[0mdebug[0m] [0m[0mWriting bsp connection file[0m
[0m[[0m[0minfo[0m] [0m[0mstarted sbt server[0m
